0 info it worked if it ends with ok
1 verbose cli [ '/usr/local/bin/node', '/usr/local/bin/npm', 'run', 'start' ]
2 info using npm@6.14.6
3 info using node@v12.18.3
4 verbose run-script [ 'prestart', 'start', 'poststart' ]
5 info lifecycle hello-world-ci-cd@1.0.0~prestart: hello-world-ci-cd@1.0.0
6 info lifecycle hello-world-ci-cd@1.0.0~start: hello-world-ci-cd@1.0.0
7 verbose lifecycle hello-world-ci-cd@1.0.0~start: unsafe-perm in lifecycle true
8 verbose lifecycle hello-world-ci-cd@1.0.0~start: PATH: /usr/local/lib/node_modules/npm/node_modules/npm-lifecycle/node-gyp-bin:/api/node_modules/.bin:/usr/local/sbin:/usr/local/bin:/usr/sbin:/usr/bin:/sbin:/bin
9 verbose lifecycle hello-world-ci-cd@1.0.0~start: CWD: /api
10 silly lifecycle hello-world-ci-cd@1.0.0~start: Args: [
10 silly lifecycle   '-c',
10 silly lifecycle   'npx knex migrate:latest && knex seed:run && ts-node server.ts'
10 silly lifecycle ]
11 silly lifecycle hello-world-ci-cd@1.0.0~start: Returned: code: 139  signal: null
12 info lifecycle hello-world-ci-cd@1.0.0~start: Failed to exec start script
13 verbose stack Error: hello-world-ci-cd@1.0.0 start: `npx knex migrate:latest && knex seed:run && ts-node server.ts`
13 verbose stack Exit status 139
13 verbose stack     at EventEmitter.<anonymous> (/usr/local/lib/node_modules/npm/node_modules/npm-lifecycle/index.js:332:16)
13 verbose stack     at EventEmitter.emit (events.js:315:20)
13 verbose stack     at ChildProcess.<anonymous> (/usr/local/lib/node_modules/npm/node_modules/npm-lifecycle/lib/spawn.js:55:14)
13 verbose stack     at ChildProcess.emit (events.js:315:20)
13 verbose stack     at maybeClose (internal/child_process.js:1021:16)
13 verbose stack     at Process.ChildProcess._handle.onexit (internal/child_process.js:286:5)
14 verbose pkgid hello-world-ci-cd@1.0.0
15 verbose cwd /api
16 verbose Linux 4.15.0-55-generic
17 verbose argv "/usr/local/bin/node" "/usr/local/bin/npm" "run" "start"
18 verbose node v12.18.3
19 verbose npm  v6.14.6
20 error code ELIFECYCLE
21 error errno 139
22 error hello-world-ci-cd@1.0.0 start: `npx knex migrate:latest && knex seed:run && ts-node server.ts`
22 error Exit status 139
23 error Failed at the hello-world-ci-cd@1.0.0 start script.
23 error This is probably not a problem with npm. There is likely additional logging output above.
24 verbose exit [ 139, true ]
